<?xml version="1.0" encoding="UTF-8"?>
<!-- Generated by org.testng.reporters.JUnitXMLReporter -->
<testsuite ignored="2" hostname="Abhijith" failures="0" tests="2" name="Test" time="20.873" errors="0" timestamp="2023-11-25T11:30:41 IST">
  <testcase classname="shoppingcart.TC_DWS_002_Test" name="addTocart" time="5.505"/>
  <testcase classname="login.TC_DWS_001_Test" name="loginTest" time="0.065"/>
  <testcase classname="com.tricenties.basetest.BaseClass" name="@AfterSuite reportBackup" time="0.0">
    <ignored/>
  </testcase> <!-- @AfterSuite reportBackup -->
  <testcase classname="com.tricenties.basetest.BaseClass" name="@BeforeSuite configReports" time="0.0">
    <ignored/>
  </testcase> <!-- @BeforeSuite configReports -->
</testsuite> <!-- Test -->
